app/build/outputs/logs/manifest-merger-debug-report.txt
-- Merging decision tree log ---
manifest
ADDED from src\main\AndroidManifest.xml:2:1-46:12
INJECTED from src\main\AndroidManifest.xml:2:1-46:12
INJECTED from src\main\AndroidManifest.xml:2:1-46:12
INJECTED from src\main\AndroidManifest.xml:2:1-46:12
MERGED from [androidx.databinding:viewbinding:7.1.0] AndroidManifest.xml:17:1-24:12
MERGED from [com.google.firebase:firebase-storage-ktx:20.1.0] AndroidManifest.xml:2:1-20:12
MERGED from [com.google.firebase:firebase-database-ktx:20.2.0] AndroidManifest.xml:2:1-20:12
MERGED from [com.google.firebase:firebase-common-ktx:20.3.2] AndroidManifest.xml:2:1-20:12
MERGED from [com.google.firebase:firebase-auth:21.3.0] AndroidManifest.xml:17:1-75:12
MERGED from [com.google.android.recaptcha:recaptcha:18.0.1] AndroidManifest.xml:2:1-9:12
MERGED from [com.journeyapps:zxing-android-embedded:4.2.0] AndroidManifest.xml:17:1-56:12
MERGED from [androidx.core:core-ktx:1.7.0] AndroidManifest.xml:2:1-9:12
MERGED from [com.google.android.material:material:1.5.0] AndroidManifest.xml:17:1-24:12
MERGED from [androidx.constraintlayout:constraintlayout:2.1.3] AndroidManifest.xml:2:1-11:12
MERGED from [androidx.appcompat:appcompat:1.4.1] AndroidManifest.xml:17:1-24:12
MERGED from [com.google.android.gms:play-services-maps:18.1.0] AndroidManifest.xml:17:1-44:12
MERGED from [com.google.firebase:firebase-storage:20.1.0] AndroidManifest.xml:15:1-38:12
MERGED from [com.google.firebase:firebase-database:20.2.0] AndroidManifest.xml:15:1-37:12
MERGED from [com.google.firebase:firebase-auth-interop:20.0.0] AndroidManifest.xml:2:1-10:12
MERGED from [com.google.firebase:firebase-appcheck-interop:16.1.1] AndroidManifest.xml:15:1-25:12
MERGED from [com.google.firebase:firebase-common:20.3.2] AndroidManifest.xml:15:1-39:12
MERGED from [androidx.legacy:legacy-support-v4:1.0.0] AndroidManifest.xml:17:1-22:12
MERGED from [androidx.viewpager2:viewpager2:1.0.0] AndroidManifest.xml:17:1-24:12
MERGED from [com.google.android.gms:play-services-auth-api-phone:17.4.0] AndroidManifest.xml:2:1-7:12
MERGED from [com.google.android.gms:play-services-safetynet:17.0.0] AndroidManifest.xml:17:1-24:12
MERGED from [com.google.android.play:integrity:1.0.1] AndroidManifest.xml:2:1-7:12
MERGED from [com.google.firebase:firebase-database-collection:18.0.1] AndroidManifest.xml:2:1-9:12
MERGED from [com.google.android.gms:play-services-base:18.1.0] AndroidManifest.xml:16:1-24:12
MERGED from [com.google.android.gms:play-services-tasks:18.0.2] AndroidManifest.xml:2:1-6:12
MERGED from [com.google.android.gms:play-services-basement:18.1.0] AndroidManifest.xml:16:1-26:12
MERGED from [androidx.fragment:fragment:1.3.6] AndroidManifest.xml:17:1-24:12
MERGED from [androidx.activity:activity:1.2.4] AndroidManifest.xml:17:1-24:12
MERGED from [androidx.appcompat:appcompat-resources:1.4.1] AndroidManifest.xml:17:1-24:12
MERGED from [androidx.emoji2:emoji2-views-helper:1.0.0] AndroidManifest.xml:17:1-24:12
MERGED from [androidx.emoji2:emoji2:1.0.0] AndroidManifest.xml:17:1-37:12
MERGED from [androidx.legacy:legacy-support-core-ui:1.0.0] AndroidManifest.xml:17:1-22:12
MERGED from [androidx.drawerlayout:drawerlayout:1.1.1] AndroidManifest.xml:17:1-24:12
MERGED from [androidx.coordinatorlayout:coordinatorlayout:1.1.0] AndroidManifest.xml:17:1-24:12
MERGED from [androidx.dynamicanimation:dynamicanimation:1.0.0] AndroidManifest.xml:17:1-22:12
MERGED from [androidx.transition:transition:1.2.0] AndroidManifest.xml:17:1-24:12
MERGED from [androidx.vectordrawable:vectordrawable-animated:1.1.0] AndroidManifest.xml:17:1-24:12
MERGED from [androidx.vectordrawable:vectordrawable:1.1.0] AndroidManifest.xml:17:1-24:12
MERGED from [androidx.browser:browser:1.4.0] AndroidManifest.xml:17:1-24:12
MERGED from [androidx.media:media:1.0.0] AndroidManifest.xml:17:1-22:12
MERGED from [androidx.legacy:legacy-support-core-utils:1.0.0] AndroidManifest.xml:17:1-22:12
MERGED from [androidx.viewpager:viewpager:1.0.0] AndroidManifest.xml:17:1-22:12
MERGED from [androidx.loader:loader:1.0.0] AndroidManifest.xml:17:1-22:12
MERGED from [androidx.recyclerview:recyclerview:1.1.0] AndroidManifest.xml:17:1-24:12
MERGED from [androidx.slidingpanelayout:slidingpanelayout:1.0.0] AndroidManifest.xml:17:1-22:12
MERGED from [androidx.customview:customview:1.1.0] AndroidManifest.xml:17:1-24:12
MERGED from [androidx.swiperefreshlayout:swiperefreshlayout:1.0.0] AndroidManifest.xml:17:1-22:12
MERGED from [androidx.asynclayoutinflater:asynclayoutinflater:1.0.0] AndroidManifest.xml:17:1-22:12
MERGED from [androidx.core:core:1.7.0] AndroidManifest.xml:17:1-26:12
MERGED from [androidx.cursoradapter:cursoradapter:1.0.0] AndroidManifest.xml:17:1-22:12
MERGED from [androidx.lifecycle:lifecycle-viewmodel-savedstate:2.3.1] AndroidManifest.xml:17:1-24:12
MERGED from [androidx.savedstate:savedstate:1.1.0] AndroidManifest.xml:17:1-24:12
MERGED from [androidx.lifecycle:lifecycle-viewmodel:2.3.1] AndroidManifest.xml:17:1-24:12
MERGED from [androidx.cardview:cardview:1.0.0] AndroidManifest.xml:17:1-22:12
MERGED from [androidx.localbroadcastmanager:localbroadcastmanager:1.0.0] AndroidManifest.xml:17:1-22:12
MERGED from [com.google.firebase:firebase-components:17.1.0] AndroidManifest.xml:15:1-22:12
MERGED from [androidx.versionedparcelable:versionedparcelable:1.1.1] AndroidManifest.xml:17:1-27:12
MERGED from [androidx.lifecycle:lifecycle-process:2.4.0] AndroidManifest.xml:17:1-37:12
MERGED from [androidx.startup:startup-runtime:1.0.0] AndroidManifest.xml:17:1-33:12
MERGED from [androidx.tracing:tracing:1.0.0] AndroidManifest.xml:17:1-24:12
MERGED from [androidx.lifecycle:lifecycle-livedata:2.0.0] AndroidManifest.xml:17:1-22:12
MERGED from [androidx.lifecycle:lifecycle-livedata-core:2.3.1] AndroidManifest.xml:17:1-24:12
MERGED from [androidx.lifecycle:lifecycle-runtime:2.4.0] AndroidManifest.xml:17:1-24:12
MERGED from [androidx.arch.core:core-runtime:2.1.0] AndroidManifest.xml:17:1-24:12
MERGED from [androidx.interpolator:interpolator:1.0.0] AndroidManifest.xml:17:1-22:12
MERGED from [androidx.documentfile:documentfile:1.0.0] AndroidManifest.xml:17:1-22:12
MERGED from [androidx.print:print:1.0.0] AndroidManifest.xml:17:1-22:12
MERGED from [androidx.annotation:annotation-experimental:1.1.0] AndroidManifest.xml:17:1-24:12
INJECTED from src\main\AndroidManifest.xml:2:1-46:12
INJECTED from src\main\AndroidManifest.xml:2:1-46:12
INJECTED from src\main\AndroidManifest.xml:2:1-46:12
	package
		ADDED from src\main\AndroidManifest.xml:4:5-45
		INJECTED from src\main\AndroidManifest.xml
		INJECTED from src\main\AndroidManifest.xml
	android:versionName
		INJECTED from src\main\AndroidManifest.xml
		ADDED from src\main\AndroidManifest.xml:2:1-46:12
		INJECTED from src\main\AndroidManifest.xml
	xmlns:tools
		ADDED from src\main\AndroidManifest.xml:3:5-51
	android:versionCode
		INJECTED from src\main\AndroidManifest.xml
		ADDED from src\main\AndroidManifest.xml:2:1-46:12
		INJECTED from src\main\AndroidManifest.xml
	xmlns:android
		ADDED from src\main\AndroidManifest.xml:2:11-69
uses-sdk
ADDED from src\main\AndroidManifest.xml:6:5-73
INJECTED from src\main\AndroidManifest.xml:6:5-73
INJECTED from src\main\AndroidManifest.xml:6:5-73
MERGED from [androidx.databinding:viewbinding:7.1.0] AndroidManifest.xml:20:5-22:41
MERGED from [androidx.databinding:viewbinding:7.1.0] AndroidManifest.xml:20:5-22:41
MERGED from [com.google.firebase:firebase-storage-ktx:20.1.0] AndroidManifest.xml:5:5-7:41
MERGED from [com.google.firebase:firebase-storage-ktx:20.1.0] AndroidManifest.xml:5:5-7:41
MERGED from [com.google.firebase:firebase-database-ktx:20.2.0] AndroidManifest.xml:5:5-7:41
MERGED from [com.google.firebase:firebase-database-ktx:20.2.0] AndroidManifest.xml:5:5-7:41
MERGED from [com.google.firebase:firebase-common-ktx:20.3.2] AndroidManifest.xml:5:5-7:41
MERGED from [com.google.firebase:firebase-common-ktx:20.3.2] AndroidManifest.xml:5:5-7:41
MERGED from [com.google.firebase:firebase-auth:21.3.0] AndroidManifest.xml:21:5-23:64
MERGED from [com.google.firebase:firebase-auth:21.3.0] AndroidManifest.xml:21:5-23:64
MERGED from [com.google.android.recaptcha:recaptcha:18.0.1] AndroidManifest.xml:5:5-44
MERGED from [com.google.android.recaptcha:recaptcha:18.0.1] AndroidManifest.xml:5:5-44
MERGED from [com.journeyapps:zxing-android-embedded:4.2.0] AndroidManifest.xml:20:5-44
MERGED from [com.journeyapps:zxing-android-embedded:4.2.0] AndroidManifest.xml:20:5-44
MERGED from [androidx.core:core-ktx:1.7.0] AndroidManifest.xml:5:5-7:41
MERGED from [androidx.core:core-ktx:1.7.0] AndroidManifest.xml:5:5-7:41
MERGED from [com.google.android.material:material:1.5.0] AndroidManifest.xml:20:5-44
MERGED from [com.google.android.material:material:1.5.0] AndroidManifest.xml:20:5-44
MERGED from [androidx.constraintlayout:constraintlayout:2.1.3] AndroidManifest.xml:5:5-7:41
MERGED from [androidx.constraintlayout:constraintlayout:2.1.3] AndroidManifest.xml:5:5-7:41
MERGED from [androidx.appcompat:appcompat:1.4.1] AndroidManifest.xml:20:5-22:41
MERGED from [androidx.appcompat:appcompat:1.4.1] AndroidManifest.xml:20:5-22:41
MERGED from [com.google.android.gms:play-services-maps:18.1.0] AndroidManifest.xml:20:5-44
MERGED from [com.google.android.gms:play-services-maps:18.1.0] AndroidManifest.xml:20:5-44
MERGED from [com.google.firebase:firebase-storage:20.1.0] AndroidManifest.xml:19:5-21:41
MERGED from [com.google.firebase:firebase-storage:20.1.0] AndroidManifest.xml:19:5-21:41
MERGED from [com.google.firebase:firebase-database:20.2.0] AndroidManifest.xml:18:5-20:41
MERGED from [com.google.firebase:firebase-database:20.2.0] AndroidManifest.xml:18:5-20:41
MERGED from [com.google.firebase:firebase-auth-interop:20.0.0] AndroidManifest.xml:5:5-44
MERGED from [com.google.firebase:firebase-auth-interop:20.0.0] AndroidManifest.xml:5:5-44
MERGED from [com.google.firebase:firebase-appcheck-interop:16.1.1] AndroidManifest.xml:18:5-20:41
MERGED from [com.google.firebase:firebase-appcheck-interop:16.1.1] AndroidManifest.xml:18:5-20:41
MERGED from [com.google.firebase:firebase-common:20.3.2] AndroidManifest.xml:19:5-21:41
MERGED from [com.google.firebase:firebase-common:20.3.2] AndroidManifest.xml:19:5-21:41
MERGED from [androidx.legacy:legacy-support-v4:1.0.0] AndroidManifest.xml:20:5-44
MERGED from [androidx.legacy:legacy-support-v4:1.0.0] AndroidManifest.xml:20:5-44
MERGED from [androidx.viewpager2:viewpager2:1.0.0] AndroidManifest.xml:20:5-22:41
MERGED from [androidx.viewpager2:viewpager2:1.0.0] AndroidManifest.xml:20:5-22:41
MERGED from [com.google.android.gms:play-services-auth-api-phone:17.4.0] AndroidManifest.xml:5:5-44
MERGED from [com.google.android.gms:play-services-auth-api-phone:17.4.0] AndroidManifest.xml:5:5-44
MERGED from [com.google.android.gms:play-services-safetynet:17.0.0] AndroidManifest.xml:20:5-44
MERGED from [com.google.android.gms:play-services-safetynet:17.0.0] AndroidManifest.xml:20:5-44
MERGED from [com.google.android.play:integrity:1.0.1] AndroidManifest.xml:4:5-44
MERGED from [com.google.android.play:integrity:1.0.1] AndroidManifest.xml:4:5-44
MERGED from [com.google.firebase:firebase-database-collection:18.0.1] AndroidManifest.xml:5:5-7:41
MERGED from [com.google.firebase:firebase-database-collection:18.0.1] AndroidManifest.xml:5:5-7:41
MERGED from [com.google.android.gms:play-services-base:18.1.0] AndroidManifest.xml:18:5-43
MERGED from [com.google.android.gms:play-services-base:18.1.0] AndroidManifest.xml:18:5-43
MERGED from [com.google.android.gms:play-services-tasks:18.0.2] AndroidManifest.xml:4:5-43
MERGED from [com.google.android.gms:play-services-tasks:18.0.2] AndroidManifest.xml:4:5-43
MERGED from [com.google.android.gms:play-services-basement:18.1.0] AndroidManifest.xml:18:5-43
MERGED from [com.google.android.gms:play-services-basement:18.1.0] AndroidManifest.xml:18:5-43
MERGED from [androidx.fragment:fragment:1.3.6] AndroidManifest.xml:20:5-22:41
MERGED from [androidx.fragment:fragment:1.3.6] AndroidManifest.xml:20:5-22:41
MERGED from [androidx.activity:activity:1.2.4] AndroidManifest.xml:20:5-22:41
MERGED from [androidx.activity:activity:1.2.4] AndroidManifest.xml:20:5-22:41
MERGED from [androidx.appcompat:appcompat-resources:1.4.1] AndroidManifest.xml:20:5-22:41
MERGED from [androidx.appcompat:appcompat-resources:1.4.1] AndroidManifest.xml:20:5-22:41
MERGED from [androidx.emoji2:emoji2-views-helper:1.0.0] AndroidManifest.xml:20:5-22:41
MERGED from [androidx.emoji2:emoji2-views-helper:1.0.0] AndroidManifest.xml:20:5-22:41
MERGED from [androidx.emoji2:emoji2:1.0.0] AndroidManifest.xml:21:5-23:41
MERGED from [androidx.emoji2:emoji2:1.0.0] AndroidManifest.xml:21:5-23:41
MERGED from [androidx.legacy:legacy-support-core-ui:1.0.0] AndroidManifest.xml:20:5-44
MERGED from [androidx.legacy:legacy-support-core-ui:1.0.0] AndroidManifest.xml:20:5-44
MERGED from [androidx.drawerlayout:drawerlayout:1.1.1] AndroidManifest.xml:20:5-22:41
MERGED from [androidx.drawerlayout:drawerlayout:1.1.1] AndroidManifest.xml:20:5-22:41
MERGED from [androidx.coordinatorlayout:coordinatorlayout:1.1.0] AndroidManifest.xml:20:5-22:41
MERGED from [androidx.coordinatorlayout:coordinatorlayout:1.1.0] AndroidManifest.xml:20:5-22:41
MERGED from [androidx.dynamicanimation:dynamicanimation:1.0.0] AndroidManifest.xml:20:5-44
MERGED from [androidx.dynamicanimation:dynamicanimation:1.0.0] AndroidManifest.xml:20:5-44
MERGED from [androidx.transition:transition:1.2.0] AndroidManifest.xml:20:5-22:41
MERGED from [androidx.transition:transition:1.2.0] AndroidManifest.xml:20:5-22:41
MERGED from [androidx.vectordrawable:vectordrawable-animated:1.1.0] AndroidManifest.xml:20:5-22:41
MERGED from [androidx.vectordrawable:vectordrawable-animated:1.1.0] AndroidManifest.xml:20:5-22:41
MERGED from [androidx.vectordrawable:vectordrawable:1.1.0] AndroidManifest.xml:20:5-22:41
MERGED from [androidx.vectordrawable:vectordrawable:1.1.0] AndroidManifest.xml:20:5-22:41
MERGED from [androidx.browser:browser:1.4.0] AndroidManifest.xml:20:5-22:41
MERGED from [androidx.browser:browser:1.4.0] AndroidManifest.xml:20:5-22:41
MERGED from [androidx.media:media:1.0.0] AndroidManifest.xml:20:5-44
MERGED from [androidx.media:media:1.0.0] AndroidManifest.xml:20:5-44
MERGED from [androidx.legacy:legacy-support-core-utils:1.0.0] AndroidManifest.xml:20:5-44
MERGED from [androidx.legacy:legacy-support-core-utils:1.0.0] AndroidManifest.xml:20:5-44
MERGED from [androidx.viewpager:viewpager:1.0.0] AndroidManifest.xml:20:5-44
MERGED from [androidx.viewpager:viewpager:1.0.0] AndroidManifest.xml:20:5-44
MERGED from [androidx.loader:loader:1.0.0] AndroidManifest.xml:20:5-44
MERGED from [androidx.loader:loader:1.0.0] AndroidManifest.xml:20:5-44
MERGED from [androidx.recyclerview:recyclerview:1.1.0] AndroidManifest.xml:20:5-22:41
MERGED from [androidx.recyclerview:recyclerview:1.1.0] AndroidManifest.xml:20:5-22:41
MERGED from [androidx.slidingpanelayout:slidingpanelayout:1.0.0] AndroidManifest.xml:20:5-44
MERGED from [androidx.slidingpanelayout:slidingpanelayout:1.0.0] AndroidManifest.xml:20:5-44
MERGED from [androidx.customview:customview:1.1.0] AndroidManifest.xml:20:5-22:41
MERGED from [androidx.customview:customview:1.1.0] AndroidManifest.xml:20:5-22:41
MERGED from [androidx.swiperefreshlayout:swiperefreshlayout:1.0.0] AndroidManifest.xml:20:5-44
MERGED from [androidx.swiperefreshlayout:swiperefreshlayout:1.0.0] AndroidManifest.xml:20:5-44
MERGED from [androidx.asynclayoutinflater:asynclayoutinflater:1.0.0] AndroidManifest.xml:20:5-44
MERGED from [androidx.asynclayoutinflater:asynclayoutinflater:1.0.0] AndroidManifest.xml:20:5-44
MERGED from [androidx.core:core:1.7.0] AndroidManifest.xml:20:5-22:41
MERGED from [androidx.core:core:1.7.0] AndroidManifest.xml:20:5-22:41
MERGED from [androidx.cursoradapter:cursoradapter:1.0.0] AndroidManifest.xml:20:5-44
MERGED from [androidx.cursoradapter:cursoradapter:1.0.0] AndroidManifest.xml:20:5-44
MERGED from [androidx.lifecycle:lifecycle-viewmodel-savedstate:2.3.1] AndroidManifest.xml:20:5-22:41
MERGED from [androidx.lifecycle:lifecycle-viewmodel-savedstate:2.3.1] AndroidManifest.xml:20:5-22:41
MERGED from [androidx.savedstate:savedstate:1.1.0] AndroidManifest.xml:20:5-22:41
MERGED from [androidx.savedstate:savedstate:1.1.0] AndroidManifest.xml:20:5-22:41
MERGED from [androidx.lifecycle:lifecycle-viewmodel:2.3.1] AndroidManifest.xml:20:5-22:41
MERGED from [androidx.lifecycle:lifecycle-viewmodel:2.3.1] AndroidManifest.xml:20:5-22:41
MERGED from [androidx.cardview:cardview:1.0.0] AndroidManifest.xml:20:5-44
MERGED from [androidx.cardview:cardview:1.0.0] AndroidManifest.xml:20:5-44
MERGED from [androidx.localbroadcastmanager:localbroadcastmanager:1.0.0] AndroidManifest.xml:20:5-44
MERGED from [androidx.localbroadcastmanager:localbroadcastmanager:1.0.0] AndroidManifest.xml:20:5-44
MERGED from [com.google.firebase:firebase-components:17.1.0] AndroidManifest.xml:18:5-20:41
MERGED from [com.google.firebase:firebase-components:17.1.0] AndroidManifest.xml:18:5-20:41
MERGED from [androidx.versionedparcelable:versionedparcelable:1.1.1] AndroidManifest.xml:20:5-22:41
MERGED from [androidx.versionedparcelable:versionedparcelable:1.1.1] AndroidManifest.xml:20:5-22:41
MERGED from [androidx.lifecycle:lifecycle-process:2.4.0] AndroidManifest.xml:21:5-23:41
MERGED from [androidx.lifecycle:lifecycle-process:2.4.0] AndroidManifest.xml:21:5-23:41
MERGED from [androidx.startup:startup-runtime:1.0.0] AndroidManifest.xml:21:5-23:41
MERGED from [androidx.startup:startup-runtime:1.0.0] AndroidManifest.xml:21:5-23:41
MERGED from [androidx.tracing:tracing:1.0.0] AndroidManifest.xml:20:5-22:41
MERGED from [androidx.tracing:tracing:1.0.0] AndroidManifest.xml:20:5-22:41
MERGED from [androidx.lifecycle:lifecycle-livedata:2.0.0] AndroidManifest.xml:20:5-44
MERGED from [androidx.lifecycle:lifecycle-livedata:2.0.0] AndroidManifest.xml:20:5-44
MERGED from [androidx.lifecycle:lifecycle-livedata-core:2.3.1] AndroidManifest.xml:20:5-22:41
MERGED from [androidx.lifecycle:lifecycle-livedata-core:2.3.1] AndroidManifest.xml:20:5-22:41
MERGED from [androidx.lifecycle:lifecycle-runtime:2.4.0] AndroidManifest.xml:20:5-22:41
MERGED from [androidx.lifecycle:lifecycle-runtime:2.4.0] AndroidManifest.xml:20:5-22:41
MERGED from [androidx.arch.core:core-runtime:2.1.0] AndroidManifest.xml:20:5-22:41
MERGED from [androidx.arch.core:core-runtime:2.1.0] AndroidManifest.xml:20:5-22:41
MERGED from [androidx.interpolator:interpolator:1.0.0] AndroidManifest.xml:20:5-44
MERGED from [androidx.interpolator:interpolator:1.0.0] AndroidManifest.xml:20:5-44
MERGED from [androidx.documentfile:documentfile:1.0.0] AndroidManifest.xml:20:5-44
MERGED from [androidx.documentfile:documentfile:1.0.0] AndroidManifest.xml:20:5-44
MERGED from [androidx.print:print:1.0.0] AndroidManifest.xml:20:5-44
MERGED from [androidx.print:print:1.0.0] AndroidManifest.xml:20:5-44
MERGED from [androidx.annotation:annotation-experimental:1.1.0] AndroidManifest.xml:20:5-22:41
MERGED from [androidx.annotation:annotation-experimental:1.1.0] AndroidManifest.xml:20:5-22:41
INJECTED from src\main\AndroidManifest.xml:6:5-73
INJECTED from src\main\AndroidManifest.xml:6:5-73
	tools:overrideLibrary
		ADDED from src\main\AndroidManifest.xml:6:15-70
	android:targetSdkVersion
		INJECTED from src\main\AndroidManifest.xml
		ADDED from src\main\AndroidManifest.xml:6:5-73
		INJECTED from src\main\AndroidManifest.xml
	android:minSdkVersion
		INJECTED from src\main\AndroidManifest.xml
		ADDED from src\main\AndroidManifest.xml:6:5-73
		INJECTED from src\main\AndroidManifest.xml
uses-feature#android.hardware.camera
ADDED from src\main\AndroidManifest.xml:7:5-59
MERGED from [com.journeyapps:zxing-android-embedded:4.2.0] AndroidManifest.xml:25:5-27:36
MERGED from [com.journeyapps:zxing-android-embedded:4.2.0] AndroidManifest.xml:25:5-27:36
	android:name
		ADDED from src\main\AndroidManifest.xml:7:19-57
uses-permission#android.permission.READ_EXTERNAL_STORAGE
ADDED from src\main\AndroidManifest.xml:8:5-80
	android:name
		ADDED from src\main\AndroidManifest.xml:8:22-77
application
ADDED from src\main\AndroidManifest.xml:10:5-44:19
MERGED from [com.google.firebase:firebase-storage-ktx:20.1.0] AndroidManifest.xml:10:5-18:19
MERGED from [com.google.firebase:firebase-storage-ktx:20.1.0] AndroidManifest.xml:10:5-18:19
MERGED from [com.google.firebase:firebase-database-ktx:20.2.0] AndroidManifest.xml:10:5-18:19
MERGED from [com.google.firebase:firebase-database-ktx:20.2.0] AndroidManifest.xml:10:5-18:19
MERGED from [com.google.firebase:firebase-common-ktx:20.3.2] AndroidManifest.xml:10:5-18:19
MERGED from [com.google.firebase:firebase-common-ktx:20.3.2] AndroidManifest.xml:10:5-18:19
MERGED from [com.google.firebase:firebase-auth:21.3.0] AndroidManifest.xml:28:5-73:19
MERGED from [com.google.firebase:firebase-auth:21.3.0] AndroidManifest.xml:28:5-73:19
MERGED from [com.google.android.recaptcha:recaptcha:18.0.1] AndroidManifest.xml:7:5-20
MERGED from [com.google.android.recaptcha:recaptcha:18.0.1] AndroidManifest.xml:7:5-20
MERGED from [com.journeyapps:zxing-android-embedded:4.2.0] AndroidManifest.xml:46:5-54:19
MERGED from [com.journeyapps:zxing-android-embedded:4.2.0] AndroidManifest.xml:46:5-54:19
MERGED from [com.google.android.material:material:1.5.0] AndroidManifest.xml:22:5-20
MERGED from [com.google.android.material:material:1.5.0] AndroidManifest.xml:22:5-20
MERGED from [androidx.constraintlayout:constraintlayout:2.1.3] AndroidManifest.xml:9:5-20
MERGED from [androidx.constraintlayout:constraintlayout:2.1.3] AndroidManifest.xml:9:5-20
MERGED from [com.google.android.gms:play-services-maps:18.1.0] AndroidManifest.xml:36:5-42:19
MERGED from [com.google.android.gms:play-services-maps:18.1.0] AndroidManifest.xml:36:5-42:19
MERGED from [com.google.firebase:firebase-storage:20.1.0] AndroidManifest.xml:28:5-36:19
MERGED from [com.google.firebase:firebase-storage:20.1.0] AndroidManifest.xml:28:5-36:19
MERGED from [com.google.firebase:firebase-database:20.2.0] AndroidManifest.xml:27:5-35:19
MERGED from [com.google.firebase:firebase-database:20.2.0] AndroidManifest.xml:27:5-35:19
MERGED from [com.google.firebase:firebase-auth-interop:20.0.0] AndroidManifest.xml:7:5-8:19
MERGED from [com.google.firebase:firebase-auth-interop:20.0.0] AndroidManifest.xml:7:5-8:19
MERGED from [com.google.firebase:firebase-appcheck-interop:16.1.1] AndroidManifest.xml:23:5-20
MERGED from [com.google.firebase:firebase-appcheck-interop:16.1.1] AndroidManifest.xml:23:5-20
MERGED from [com.google.firebase:firebase-common:20.3.2] AndroidManifest.xml:24:5-37:19
MERGED from [com.google.firebase:firebase-common:20.3.2] AndroidManifest.xml:24:5-37:19
MERGED from [com.google.android.gms:play-services-safetynet:17.0.0] AndroidManifest.xml:22:5-20
MERGED from [com.google.android.gms:play-services-safetynet:17.0.0] AndroidManifest.xml:22:5-20
MERGED from [com.google.android.play:integrity:1.0.1] AndroidManifest.xml:5:5-6:19
MERGED from [com.google.android.play:integrity:1.0.1] AndroidManifest.xml:5:5-6:19
MERGED from [com.google.android.gms:play-services-base:18.1.0] AndroidManifest.xml:19:5-23:19
MERGED from [com.google.android.gms:play-services-base:18.1.0] AndroidManifest.xml:19:5-23:19
MERGED from [com.google.android.gms:play-services-tasks:18.0.2] AndroidManifest.xml:5:5-20
MERGED from [com.google.android.gms:play-services-tasks:18.0.2] AndroidManifest.xml:5:5-20
MERGED from [com.google.android.gms:play-services-basement:18.1.0] AndroidManifest.xml:20:5-24:19
MERGED from [com.google.android.gms:play-services-basement:18.1.0] AndroidManifest.xml:20:5-24:19
MERGED from [androidx.emoji2:emoji2:1.0.0] AndroidManifest.xml:25:5-35:19
MERGED from [androidx.emoji2:emoji2:1.0.0] AndroidManifest.xml:25:5-35:19
MERGED from [androidx.core:core:1.7.0] AndroidManifest.xml:24:5-89
MERGED from [androidx.core:core:1.7.0] AndroidManifest.xml:24:5-89
MERGED from [androidx.versionedparcelable:versionedparcelable:1.1.1] AndroidManifest.xml:24:5-25:19
MERGED from [androidx.versionedparcelable:versionedparcelable:1.1.1] AndroidManifest.xml:24:5-25:19
MERGED from [androidx.lifecycle:lifecycle-process:2.4.0] AndroidManifest.xml:25:5-35:19
MERGED from [androidx.lifecycle:lifecycle-process:2.4.0] AndroidManifest.xml:25:5-35:19
MERGED from [androidx.startup:startup-runtime:1.0.0] AndroidManifest.xml:25:5-31:19
MERGED from [androidx.startup:startup-runtime:1.0.0] AndroidManifest.xml:25:5-31:19
	android:appComponentFactory
		ADDED from [androidx.core:core:1.7.0] AndroidManifest.xml:24:18-86
	android:supportsRtl
		ADDED from src\main\AndroidManifest.xml:16:9-35
	android:label
		ADDED from src\main\AndroidManifest.xml:14:9-41
	android:hardwareAccelerated
		ADDED from src\main\AndroidManifest.xml:12:9-43
	android:roundIcon
		ADDED from src\main\AndroidManifest.xml:15:9-54
	android:icon
		ADDED from src\main\AndroidManifest.xml:13:9-43
	android:allowBackup
		ADDED from src\main\AndroidManifest.xml:11:9-35
	android:theme
		ADDED from src\main\AndroidManifest.xml:17:9-52
activity#com.codingstuff.loginandsignup.activity_maps
ADDED from src\main\AndroidManifest.xml:18:9-20:40
	android:exported
		ADDED from src\main\AndroidManifest.xml:20:13-37
	android:name
		ADDED from src\main\AndroidManifest.xml:19:13-42
activity#com.codingstuff.loginandsignup.AltaMascota
ADDED from src\main\AndroidManifest.xml:21:9-23:39
	android:exported
		ADDED from src\main\AndroidManifest.xml:23:13-36
	android:name
		ADDED from src\main\AndroidManifest.xml:22:13-40
meta-data#com.google.android.geo.API_KEY
ADDED from src\main\AndroidManifest.xml:25:9-27:55
	android:value
		ADDED from src\main\AndroidManifest.xml:27:13-52
	android:name
		ADDED from src\main\AndroidManifest.xml:26:13-58
activity#com.codingstuff.loginandsignup.SignInActivity
ADDED from src\main\AndroidManifest.xml:29:9-37:20
	android:exported
		ADDED from src\main\AndroidManifest.xml:31:13-36
	android:name
		ADDED from src\main\AndroidManifest.xml:30:13-43
intent-filter#action:name:android.intent.action.MAIN+category:name:android.intent.category.LAUNCHER
ADDED from src\main\AndroidManifest.xml:32:13-36:29
action#android.intent.action.MAIN
ADDED from src\main\AndroidManifest.xml:33:17-69
	android:name
		ADDED from src\main\AndroidManifest.xml:33:25-66
category#android.intent.category.LAUNCHER
ADDED from src\main\AndroidManifest.xml:35:17-77
	android:name
		ADDED from src\main\AndroidManifest.xml:35:27-74
activity#com.codingstuff.loginandsignup.SignUpActivity
ADDED from src\main\AndroidManifest.xml:38:9-40:40
	android:exported
		ADDED from src\main\AndroidManifest.xml:40:13-37
	android:name
		ADDED from src\main\AndroidManifest.xml:39:13-43
activity#com.codingstuff.loginandsignup.MainActivity
ADDED from src\main\AndroidManifest.xml:41:9-43:39
	android:exported
		ADDED from src\main\AndroidManifest.xml:43:13-36
	android:name
		ADDED from src\main\AndroidManifest.xml:42:13-41
service#com.google.firebase.components.ComponentDiscoveryService
ADDED from [com.google.firebase:firebase-storage-ktx:20.1.0] AndroidManifest.xml:11:9-17:19
MERGED from [com.google.firebase:firebase-database-ktx:20.2.0] AndroidManifest.xml:11:9-17:19
MERGED from [com.google.firebase:firebase-database-ktx:20.2.0] AndroidManifest.xml:11:9-17:19
MERGED from [com.google.firebase:firebase-common-ktx:20.3.2] AndroidManifest.xml:11:9-17:19
MERGED from [com.google.firebase:firebase-common-ktx:20.3.2] AndroidManifest.xml:11:9-17:19
MERGED from [com.google.firebase:firebase-auth:21.3.0] AndroidManifest.xml:66:9-72:19
MERGED from [com.google.firebase:firebase-auth:21.3.0] AndroidManifest.xml:66:9-72:19
MERGED from [com.google.firebase:firebase-storage:20.1.0] AndroidManifest.xml:29:9-35:19
MERGED from [com.google.firebase:firebase-storage:20.1.0] AndroidManifest.xml:29:9-35:19
MERGED from [com.google.firebase:firebase-database:20.2.0] AndroidManifest.xml:28:9-34:19
MERGED from [com.google.firebase:firebase-database:20.2.0] AndroidManifest.xml:28:9-34:19
MERGED from [com.google.firebase:firebase-common:20.3.2] AndroidManifest.xml:32:9-36:35
MERGED from [com.google.firebase:firebase-common:20.3.2] AndroidManifest.xml:32:9-36:35
	android:exported
		ADDED from [com.google.firebase:firebase-storage-ktx:20.1.0] AndroidManifest.xml:13:13-37
	tools:targetApi
		ADDED from [com.google.firebase:firebase-common:20.3.2] AndroidManifest.xml:36:13-32
	android:directBootAware
		ADDED from [com.google.firebase:firebase-common:20.3.2] AndroidManifest.xml:34:13-43
	android:name
		ADDED from [com.google.firebase:firebase-storage-ktx:20.1.0] AndroidManifest.xml:12:13-84
meta-data#com.google.firebase.components:com.google.firebase.storage.ktx.FirebaseStorageKtxRegistrar
ADDED from [com.google.firebase:firebase-storage-ktx:20.1.0] AndroidManifest.xml:14:13-16:85
	android:value
		ADDED from [com.google.firebase:firebase-storage-ktx:20.1.0] AndroidManifest.xml:16:17-82
	android:name
		ADDED from [com.google.firebase:firebase-storage-ktx:20.1.0] AndroidManifest.xml:15:17-122
meta-data#com.google.firebase.components:com.google.firebase.database.ktx.FirebaseDatabaseKtxRegistrar
ADDED from [com.google.firebase:firebase-database-ktx:20.2.0] AndroidManifest.xml:14:13-16:85
	android:value
		ADDED from [com.google.firebase:firebase-database-ktx:20.2.0] AndroidManifest.xml:16:17-82
	android:name
		ADDED from [com.google.firebase:firebase-database-ktx:20.2.0] AndroidManifest.xml:15:17-124
meta-data#com.google.firebase.components:com.google.firebase.ktx.FirebaseCommonKtxRegistrar
ADDED from [com.google.firebase:firebase-common-ktx:20.3.2] AndroidManifest.xml:14:13-16:85
	android:value
		ADDED from [com.google.firebase:firebase-common-ktx:20.3.2] AndroidManifest.xml:16:17-82
	android:name
		ADDED from [com.google.firebase:firebase-common-ktx:20.3.2] AndroidManifest.xml:15:17-113
uses-permission#android.permission.INTERNET
ADDED from [com.google.firebase:firebase-auth:21.3.0] AndroidManifest.xml:25:5-67
MERGED from [com.google.android.gms:play-services-maps:18.1.0] AndroidManifest.xml:24:5-67
MERGED from [com.google.android.gms:play-services-maps:18.1.0] AndroidManifest.xml:24:5-67